<?xml version="1.0" encoding="UTF-8"?>
<testsuites name="Run" time="33" tests="1" failures="0" errors="0">
   <testsuite name="Run" tests="1" failures="0" errors="0" time="33" timestamp="2018-10-12 20:48:24" hostname="admin - admin-ifc" id="Test Suites/Run">
      <properties>
         <property name="deviceName" value=""/>
         <property name="devicePlatform" value=""/>
         <property name="logFolder" value="C:\\Users\\admin\\Katalon Studio\\DemoProjects\\Reports\\Run\\20181012_204820"/>
         <property name="logFiles" value="C:\\Users\\admin\\Katalon Studio\\DemoProjects\\Reports\\Run\\20181012_204820\\execution0.log"/>
         <property name="attachments" value=""/>
         <property name="hostName" value="admin - admin-ifc"/>
         <property name="os" value="Windows 7 32bit"/>
         <property name="katalonVersion" value="5.8.0.1"/>
         <property name="browser" value="Chrome 69.0.3497.100"/>
         <property name="hostAddress" value="192.168.25.6"/>
         <property name="sessionId" value="2263bdf464f578f56ec9d84db1fd4731"/>
         <property name="seleniumVersion" value="3.7.1"/>
         <property name="proxyInformation" value="ProxyInformation{proxyOption=NO_PROXY, proxyServerType=HTTP, password=, proxyServerAddress=, proxyServerPort=0}"/>
         <property name="platform" value="Windows 7"/>
      </properties>
      <testcase name="Test Cases/MyProject/First" classname="Test Cases/MyProject/First" status="PASSED">
         <system-out><![CDATA[2018-10-12 20:48:25 - [TEST_CASE][PASSED] - Test Cases/MyProject/First: Test Cases/MyProject/First

2018-10-12 20:48:26 - [TEST_STEP][PASSED] - Statement - verfies = CustomKeywords.apps.Login.Log(url, username, password): apps.Login.Log is PASSED

2018-10-12 20:48:30 - [MESSAGE][PASSED] - Browser is opened with url: ''

2018-10-12 20:48:35 - [MESSAGE][PASSED] - Navigate to 'https://accounts.google.com/signin/v2/identifier?flowName=GlifWebSignIn&flowEntry=ServiceLogin' successfully

2018-10-12 20:48:36 - [MESSAGE][PASSED] - Current window maximized

2018-10-12 20:48:39 - [MESSAGE][PASSED] - Delayed 3 second(s)

2018-10-12 20:48:41 - [MESSAGE][PASSED] - Text 'dineshr@kctechservices.com' is set on object 'Object Repository/Logins/UserName'

2018-10-12 20:48:44 - [MESSAGE][PASSED] - Delayed 3 second(s)

2018-10-12 20:48:44 - [MESSAGE][PASSED] - Object: 'Object Repository/Logins/DeliveryQuality' is clicked on

2018-10-12 20:48:48 - [MESSAGE][PASSED] - Delayed 4 second(s)

2018-10-12 20:48:49 - [MESSAGE][PASSED] - Text 'Dinesh@123' is set on object 'Object Repository/Logins/Password'

2018-10-12 20:48:52 - [MESSAGE][PASSED] - Delayed 3 second(s)

2018-10-12 20:48:52 - [MESSAGE][PASSED] - Object: 'Object Repository/Logins/DeliveryQuality' is clicked on

2018-10-12 20:48:56 - [MESSAGE][PASSED] - Delayed 4 second(s)

2018-10-12 20:48:56 - [MESSAGE][PASSED] - apps.Login.Log is PASSED

2018-10-12 20:48:56 - [TEST_STEP][PASSED] - Statement - println(verfies): null]]></system-out>
         <system-err><![CDATA[]]></system-err>
      </testcase>
      <system-out><![CDATA[2018-10-12 20:48:24 - [TEST_SUITE][PASSED] - Run: Test Cases/MyProject/First]]></system-out>
      <system-err><![CDATA[]]></system-err>
   </testsuite>
</testsuites>
